<?xml version="1.0" encoding="UTF-8"?>
<!-- Generated by org.testng.reporters.JUnitXMLReporter -->
<testsuite ignored="3" hostname="Dipak" failures="0" tests="8" name="orangeHRMSuite" time="128.76" errors="0" timestamp="2026-05-15T14:01:00 IST">
  <testcase classname="com.orangeHRMProject.test.Apittest" name="VerifyGetuserAPI" time="8.672"/>
  <testcase classname="com.orangeHRMProject.test.DummyClass" name="Dummy" time="0.36"/>
  <testcase classname="com.orangeHRMProject.test.DummyClass2" name="Dummy" time="0.081"/>
  <testcase classname="com.orangeHRMProject.test.LoginPageTest" name="verifyerrormessage" time="6.243"/>
  <testcase classname="com.orangeHRMProject.test.LoginPageTest" name="verifyerrormessage" time="7.422"/>
  <testcase classname="com.orangeHRMProject.test.HomepageTest" name="verifylogo" time="27.716"/>
  <testcase classname="com.orangeHRMProject.test.LoginPageTest" name="verifyerrormessage" time="14.609"/>
  <testcase classname="com.orangeHRMProject.test.LoginPageTest" name="verifytheTestlogin" time="52.501"/>
  <testcase classname="com.orangeHRMProject.base.BaseClass" name="@BeforeSuite loadConfig" time="0.0">
    <ignored/>
  </testcase> <!-- @BeforeSuite loadConfig -->
  <testcase classname="com.orangeHRMProject.base.BaseClass" name="@BeforeSuite loadConfig" time="0.0">
    <ignored/>
  </testcase> <!-- @BeforeSuite loadConfig -->
  <testcase classname="com.orangeHRMProject.base.BaseClass" name="@BeforeSuite loadConfig" time="0.0">
    <ignored/>
  </testcase> <!-- @BeforeSuite loadConfig -->
</testsuite> <!-- orangeHRMSuite -->
