<?xml version="1.0" encoding="UTF-8"?>
<!-- Generated by org.testng.reporters.JUnitReportReporter -->
<testsuite hostname="Dipak" failures="0" tests="4" name="com.orangeHRMProject.test.LoginPageTest" time="125.073" errors="0" timestamp="2026-05-15T14:01:00 IST" skipped="0">
  <testcase classname="com.orangeHRMProject.test.LoginPageTest" name="verifyerrormessage" time="32.105"/>
  <testcase classname="com.orangeHRMProject.test.LoginPageTest" name="verifytheTestlogin" time="62.923"/>
  <testcase classname="com.orangeHRMProject.test.LoginPageTest" name="verifyerrormessage" time="11.276"/>
  <testcase classname="com.orangeHRMProject.test.LoginPageTest" name="verifyerrormessage" time="18.769"/>
</testsuite> <!-- com.orangeHRMProject.test.LoginPageTest -->
